[ 2012-09-07T13:15:04+08:00 ] /Index.php?s=/Xiaoshou/cleardingdan | INFO: Tag[ route_check ] --START--
[ 2012-09-07T13:15:04+08:00 ] /Index.php?s=/Xiaoshou/cleardingdan | INFO: Run CheckRoute Behavior [ RunTime:0.000767s ]
[ 2012-09-07T13:15:04+08:00 ] /Index.php?s=/Xiaoshou/cleardingdan | INFO: Tag[ route_check ] --END-- [ RunTime:0.000836s ]
[ 2012-09-07T13:15:04+08:00 ] /Index.php?s=/Xiaoshou/cleardingdan | INFO: Tag[ app_begin ] --START--
[ 2012-09-07T13:15:04+08:00 ] /Index.php?s=/Xiaoshou/cleardingdan | INFO: Run ReadHtmlCache Behavior [ RunTime:0.000453s ]
[ 2012-09-07T13:15:04+08:00 ] /Index.php?s=/Xiaoshou/cleardingdan | INFO: Tag[ app_begin ] --END-- [ RunTime:0.000503s ]
[ 2012-09-07T13:15:04+08:00 ] /Index.php?s=/Xiaoshou/cleardingdan | SQL: SHOW COLUMNS FROM `myerpview_system_user` [ RunTime:0.003290s ]
[ 2012-09-07T13:15:04+08:00 ] /Index.php?s=/Xiaoshou/cleardingdan | SQL: SELECT * FROM `myerpview_system_user` WHERE `systemID`='40449' AND `title`='aaa' LIMIT 1   [ RunTime:0.000405s ]
[ 2012-09-07T13:15:04+08:00 ] /Index.php?s=/Xiaoshou/cleardingdan | SQL: SHOW COLUMNS FROM `myerpview_system_user` [ RunTime:0.003389s ]
[ 2012-09-07T13:15:04+08:00 ] /Index.php?s=/Xiaoshou/cleardingdan | SQL: SELECT * FROM `myerpview_system_user` WHERE `systemID`='40449' AND `title`='aaa' LIMIT 1   [ RunTime:0.000382s ]
[ 2012-09-07T13:15:04+08:00 ] /Index.php?s=/Xiaoshou/cleardingdan | SQL: SHOW COLUMNS FROM `myerp_chanpin` [ RunTime:0.002792s ]
[ 2012-09-07T13:15:04+08:00 ] /Index.php?s=/Xiaoshou/cleardingdan | SQL: SELECT * FROM `myerp_chanpin` WHERE `marktype` = 'dingdan' and `status` = '占位' AND (`status_system` = '1')  [ RunTime:0.000602s ]
[ 2012-09-07T13:15:04+08:00 ] /Index.php?s=/Xiaoshou/cleardingdan | NOTIC: [2] Invalid argument supplied for foreach() MethodAction.class.php 第 1430 行.
[ 2012-09-07T13:15:06+08:00 ] /Index.php?s=/Xiaoshou/cleardingdan | INFO: Tag[ route_check ] --START--
[ 2012-09-07T13:15:06+08:00 ] /Index.php?s=/Xiaoshou/cleardingdan | INFO: Run CheckRoute Behavior [ RunTime:0.000930s ]
[ 2012-09-07T13:15:06+08:00 ] /Index.php?s=/Xiaoshou/cleardingdan | INFO: Tag[ route_check ] --END-- [ RunTime:0.001015s ]
[ 2012-09-07T13:15:06+08:00 ] /Index.php?s=/Xiaoshou/cleardingdan | INFO: Tag[ app_begin ] --START--
[ 2012-09-07T13:15:06+08:00 ] /Index.php?s=/Xiaoshou/cleardingdan | INFO: Run ReadHtmlCache Behavior [ RunTime:0.000530s ]
[ 2012-09-07T13:15:06+08:00 ] /Index.php?s=/Xiaoshou/cleardingdan | INFO: Tag[ app_begin ] --END-- [ RunTime:0.000582s ]
[ 2012-09-07T13:15:06+08:00 ] /Index.php?s=/Xiaoshou/cleardingdan | SQL: SHOW COLUMNS FROM `myerpview_system_user` [ RunTime:0.003227s ]
[ 2012-09-07T13:15:06+08:00 ] /Index.php?s=/Xiaoshou/cleardingdan | SQL: SELECT * FROM `myerpview_system_user` WHERE `systemID`='40449' AND `title`='aaa' LIMIT 1   [ RunTime:0.000377s ]
[ 2012-09-07T13:15:06+08:00 ] /Index.php?s=/Xiaoshou/cleardingdan | SQL: SHOW COLUMNS FROM `myerpview_system_user` [ RunTime:0.003092s ]
[ 2012-09-07T13:15:06+08:00 ] /Index.php?s=/Xiaoshou/cleardingdan | SQL: SELECT * FROM `myerpview_system_user` WHERE `systemID`='40449' AND `title`='aaa' LIMIT 1   [ RunTime:0.000361s ]
[ 2012-09-07T13:15:06+08:00 ] /Index.php?s=/Xiaoshou/cleardingdan | SQL: SHOW COLUMNS FROM `myerp_chanpin` [ RunTime:0.002624s ]
[ 2012-09-07T13:15:06+08:00 ] /Index.php?s=/Xiaoshou/cleardingdan | SQL: SELECT * FROM `myerp_chanpin` WHERE `marktype` = 'dingdan' and `status` = '占位' AND (`status_system` = '1')  [ RunTime:0.000599s ]
[ 2012-09-07T13:15:06+08:00 ] /Index.php?s=/Xiaoshou/cleardingdan | NOTIC: [2] Invalid argument supplied for foreach() MethodAction.class.php 第 1430 行.
[ 2012-09-07T13:15:16+08:00 ] /Index.php?s=/Xiaoshou/cleardingdan | INFO: Tag[ route_check ] --START--
[ 2012-09-07T13:15:16+08:00 ] /Index.php?s=/Xiaoshou/cleardingdan | INFO: Run CheckRoute Behavior [ RunTime:0.000988s ]
[ 2012-09-07T13:15:16+08:00 ] /Index.php?s=/Xiaoshou/cleardingdan | INFO: Tag[ route_check ] --END-- [ RunTime:0.001065s ]
[ 2012-09-07T13:15:16+08:00 ] /Index.php?s=/Xiaoshou/cleardingdan | INFO: Tag[ app_begin ] --START--
[ 2012-09-07T13:15:16+08:00 ] /Index.php?s=/Xiaoshou/cleardingdan | INFO: Run ReadHtmlCache Behavior [ RunTime:0.000522s ]
[ 2012-09-07T13:15:16+08:00 ] /Index.php?s=/Xiaoshou/cleardingdan | INFO: Tag[ app_begin ] --END-- [ RunTime:0.000579s ]
[ 2012-09-07T13:15:16+08:00 ] /Index.php?s=/Xiaoshou/cleardingdan | SQL: SHOW COLUMNS FROM `myerpview_system_user` [ RunTime:0.003541s ]
[ 2012-09-07T13:15:16+08:00 ] /Index.php?s=/Xiaoshou/cleardingdan | SQL: SELECT * FROM `myerpview_system_user` WHERE `systemID`='40449' AND `title`='aaa' LIMIT 1   [ RunTime:0.000410s ]
[ 2012-09-07T13:15:16+08:00 ] /Index.php?s=/Xiaoshou/cleardingdan | SQL: SHOW COLUMNS FROM `myerpview_system_user` [ RunTime:0.003182s ]
[ 2012-09-07T13:15:16+08:00 ] /Index.php?s=/Xiaoshou/cleardingdan | SQL: SELECT * FROM `myerpview_system_user` WHERE `systemID`='40449' AND `title`='aaa' LIMIT 1   [ RunTime:0.000382s ]
[ 2012-09-07T13:15:16+08:00 ] /Index.php?s=/Xiaoshou/cleardingdan | SQL: SHOW COLUMNS FROM `myerp_chanpin` [ RunTime:0.003078s ]
[ 2012-09-07T13:15:16+08:00 ] /Index.php?s=/Xiaoshou/cleardingdan | SQL: SELECT * FROM `myerp_chanpin` WHERE `marktype` = 'dingdan' and `status` = '占位' AND (`status_system` = '1')  [ RunTime:0.000644s ]
[ 2012-09-07T13:15:16+08:00 ] /Index.php?s=/Xiaoshou/cleardingdan | NOTIC: [2] Invalid argument supplied for foreach() MethodAction.class.php 第 1430 行.
[ 2012-09-07T13:15:20+08:00 ] /Index.php?s=/Xiaoshou/cleardingdan | INFO: Tag[ route_check ] --START--
[ 2012-09-07T13:15:20+08:00 ] /Index.php?s=/Xiaoshou/cleardingdan | INFO: Run CheckRoute Behavior [ RunTime:0.000703s ]
[ 2012-09-07T13:15:20+08:00 ] /Index.php?s=/Xiaoshou/cleardingdan | INFO: Tag[ route_check ] --END-- [ RunTime:0.000765s ]
[ 2012-09-07T13:15:20+08:00 ] /Index.php?s=/Xiaoshou/cleardingdan | INFO: Tag[ app_begin ] --START--
[ 2012-09-07T13:15:20+08:00 ] /Index.php?s=/Xiaoshou/cleardingdan | INFO: Run ReadHtmlCache Behavior [ RunTime:0.000415s ]
[ 2012-09-07T13:15:20+08:00 ] /Index.php?s=/Xiaoshou/cleardingdan | INFO: Tag[ app_begin ] --END-- [ RunTime:0.000461s ]
[ 2012-09-07T13:15:20+08:00 ] /Index.php?s=/Xiaoshou/cleardingdan | SQL: SHOW COLUMNS FROM `myerpview_system_user` [ RunTime:0.003158s ]
[ 2012-09-07T13:15:20+08:00 ] /Index.php?s=/Xiaoshou/cleardingdan | SQL: SELECT * FROM `myerpview_system_user` WHERE `systemID`='40449' AND `title`='aaa' LIMIT 1   [ RunTime:0.000400s ]
[ 2012-09-07T13:15:20+08:00 ] /Index.php?s=/Xiaoshou/cleardingdan | SQL: SHOW COLUMNS FROM `myerpview_system_user` [ RunTime:0.003120s ]
[ 2012-09-07T13:15:20+08:00 ] /Index.php?s=/Xiaoshou/cleardingdan | SQL: SELECT * FROM `myerpview_system_user` WHERE `systemID`='40449' AND `title`='aaa' LIMIT 1   [ RunTime:0.000336s ]
[ 2012-09-07T13:15:20+08:00 ] /Index.php?s=/Xiaoshou/cleardingdan | SQL: SHOW COLUMNS FROM `myerp_chanpin` [ RunTime:0.002560s ]
[ 2012-09-07T13:15:20+08:00 ] /Index.php?s=/Xiaoshou/cleardingdan | SQL: SELECT * FROM `myerp_chanpin` WHERE `marktype` = 'dingdan' and `status` = '占位' AND (`status_system` = '1')  [ RunTime:0.000582s ]
[ 2012-09-07T13:15:20+08:00 ] /Index.php?s=/Xiaoshou/cleardingdan | NOTIC: [2] Invalid argument supplied for foreach() MethodAction.class.php 第 1430 行.
[ 2012-09-07T13:15:34+08:00 ] /Index.php?s=/Xiaoshou/cleardingdan | INFO: Tag[ route_check ] --START--
[ 2012-09-07T13:15:34+08:00 ] /Index.php?s=/Xiaoshou/cleardingdan | INFO: Run CheckRoute Behavior [ RunTime:0.000841s ]
[ 2012-09-07T13:15:34+08:00 ] /Index.php?s=/Xiaoshou/cleardingdan | INFO: Tag[ route_check ] --END-- [ RunTime:0.000900s ]
[ 2012-09-07T13:15:34+08:00 ] /Index.php?s=/Xiaoshou/cleardingdan | INFO: Tag[ app_begin ] --START--
[ 2012-09-07T13:15:34+08:00 ] /Index.php?s=/Xiaoshou/cleardingdan | INFO: Run ReadHtmlCache Behavior [ RunTime:0.000545s ]
[ 2012-09-07T13:15:34+08:00 ] /Index.php?s=/Xiaoshou/cleardingdan | INFO: Tag[ app_begin ] --END-- [ RunTime:0.000590s ]
[ 2012-09-07T13:15:34+08:00 ] /Index.php?s=/Xiaoshou/cleardingdan | SQL: SHOW COLUMNS FROM `myerpview_system_user` [ RunTime:0.003118s ]
[ 2012-09-07T13:15:34+08:00 ] /Index.php?s=/Xiaoshou/cleardingdan | SQL: SELECT * FROM `myerpview_system_user` WHERE `systemID`='40449' AND `title`='aaa' LIMIT 1   [ RunTime:0.000394s ]
[ 2012-09-07T13:15:34+08:00 ] /Index.php?s=/Xiaoshou/cleardingdan | SQL: SHOW COLUMNS FROM `myerpview_system_user` [ RunTime:0.003051s ]
[ 2012-09-07T13:15:34+08:00 ] /Index.php?s=/Xiaoshou/cleardingdan | SQL: SELECT * FROM `myerpview_system_user` WHERE `systemID`='40449' AND `title`='aaa' LIMIT 1   [ RunTime:0.000343s ]
[ 2012-09-07T13:15:34+08:00 ] /Index.php?s=/Xiaoshou/cleardingdan | SQL: SHOW COLUMNS FROM `myerp_chanpin` [ RunTime:0.002589s ]
[ 2012-09-07T13:15:34+08:00 ] /Index.php?s=/Xiaoshou/cleardingdan | SQL: SELECT * FROM `myerp_chanpin` WHERE `marktype` = 'dingdan' and `status` = '占位' AND (`status_system` = '1')  [ RunTime:0.000583s ]
[ 2012-09-07T13:15:34+08:00 ] /Index.php?s=/Xiaoshou/cleardingdan | NOTIC: [2] Invalid argument supplied for foreach() MethodAction.class.php 第 1430 行.
[ 2012-09-07T13:15:36+08:00 ] /Index.php?s=/Xiaoshou/cleardingdan | INFO: Tag[ route_check ] --START--
[ 2012-09-07T13:15:36+08:00 ] /Index.php?s=/Xiaoshou/cleardingdan | INFO: Run CheckRoute Behavior [ RunTime:0.001313s ]
[ 2012-09-07T13:15:36+08:00 ] /Index.php?s=/Xiaoshou/cleardingdan | INFO: Tag[ route_check ] --END-- [ RunTime:0.001411s ]
[ 2012-09-07T13:15:36+08:00 ] /Index.php?s=/Xiaoshou/cleardingdan | INFO: Tag[ app_begin ] --START--
[ 2012-09-07T13:15:36+08:00 ] /Index.php?s=/Xiaoshou/cleardingdan | INFO: Run ReadHtmlCache Behavior [ RunTime:0.000373s ]
[ 2012-09-07T13:15:36+08:00 ] /Index.php?s=/Xiaoshou/cleardingdan | INFO: Tag[ app_begin ] --END-- [ RunTime:0.000422s ]
[ 2012-09-07T13:15:36+08:00 ] /Index.php?s=/Xiaoshou/cleardingdan | SQL: SHOW COLUMNS FROM `myerpview_system_user` [ RunTime:0.003141s ]
[ 2012-09-07T13:15:36+08:00 ] /Index.php?s=/Xiaoshou/cleardingdan | SQL: SELECT * FROM `myerpview_system_user` WHERE `systemID`='40449' AND `title`='aaa' LIMIT 1   [ RunTime:0.000380s ]
[ 2012-09-07T13:15:36+08:00 ] /Index.php?s=/Xiaoshou/cleardingdan | SQL: SHOW COLUMNS FROM `myerpview_system_user` [ RunTime:0.003461s ]
[ 2012-09-07T13:15:36+08:00 ] /Index.php?s=/Xiaoshou/cleardingdan | SQL: SELECT * FROM `myerpview_system_user` WHERE `systemID`='40449' AND `title`='aaa' LIMIT 1   [ RunTime:0.000395s ]
[ 2012-09-07T13:15:36+08:00 ] /Index.php?s=/Xiaoshou/cleardingdan | SQL: SHOW COLUMNS FROM `myerp_chanpin` [ RunTime:0.002826s ]
[ 2012-09-07T13:15:36+08:00 ] /Index.php?s=/Xiaoshou/cleardingdan | SQL: SELECT * FROM `myerp_chanpin` WHERE `marktype` = 'dingdan' and `status` = '占位' AND (`status_system` = '1')  [ RunTime:0.000634s ]
[ 2012-09-07T13:15:36+08:00 ] /Index.php?s=/Xiaoshou/cleardingdan | NOTIC: [2] Invalid argument supplied for foreach() MethodAction.class.php 第 1430 行.
[ 2012-09-07T13:15:54+08:00 ] /Index.php?s=/Xiaoshou/cleardingdan | INFO: Tag[ route_check ] --START--
[ 2012-09-07T13:15:54+08:00 ] /Index.php?s=/Xiaoshou/cleardingdan | INFO: Run CheckRoute Behavior [ RunTime:0.000596s ]
[ 2012-09-07T13:15:54+08:00 ] /Index.php?s=/Xiaoshou/cleardingdan | INFO: Tag[ route_check ] --END-- [ RunTime:0.000662s ]
[ 2012-09-07T13:15:54+08:00 ] /Index.php?s=/Xiaoshou/cleardingdan | INFO: Tag[ app_begin ] --START--
[ 2012-09-07T13:15:54+08:00 ] /Index.php?s=/Xiaoshou/cleardingdan | INFO: Run ReadHtmlCache Behavior [ RunTime:0.000382s ]
[ 2012-09-07T13:15:54+08:00 ] /Index.php?s=/Xiaoshou/cleardingdan | INFO: Tag[ app_begin ] --END-- [ RunTime:0.000426s ]
[ 2012-09-07T13:15:54+08:00 ] /Index.php?s=/Xiaoshou/cleardingdan | SQL: SHOW COLUMNS FROM `myerpview_system_user` [ RunTime:0.003697s ]
[ 2012-09-07T13:15:54+08:00 ] /Index.php?s=/Xiaoshou/cleardingdan | SQL: SELECT * FROM `myerpview_system_user` WHERE `systemID`='40449' AND `title`='aaa' LIMIT 1   [ RunTime:0.000386s ]
[ 2012-09-07T13:15:54+08:00 ] /Index.php?s=/Xiaoshou/cleardingdan | SQL: SHOW COLUMNS FROM `myerpview_system_user` [ RunTime:0.003128s ]
[ 2012-09-07T13:15:54+08:00 ] /Index.php?s=/Xiaoshou/cleardingdan | SQL: SELECT * FROM `myerpview_system_user` WHERE `systemID`='40449' AND `title`='aaa' LIMIT 1   [ RunTime:0.000361s ]
[ 2012-09-07T13:15:54+08:00 ] /Index.php?s=/Xiaoshou/cleardingdan | SQL: SHOW COLUMNS FROM `myerp_chanpin` [ RunTime:0.002774s ]
[ 2012-09-07T13:15:54+08:00 ] /Index.php?s=/Xiaoshou/cleardingdan | SQL: SELECT * FROM `myerp_chanpin` WHERE `marktype` = 'dingdan' and `status` = '占位' AND (`status_system` = '1')  [ RunTime:0.000569s ]
[ 2012-09-07T13:15:54+08:00 ] /Index.php?s=/Xiaoshou/cleardingdan | NOTIC: [2] Invalid argument supplied for foreach() MethodAction.class.php 第 1430 行.
[ 2012-09-07T13:15:56+08:00 ] /Index.php?s=/Xiaoshou/cleardingdan | INFO: Tag[ route_check ] --START--
[ 2012-09-07T13:15:56+08:00 ] /Index.php?s=/Xiaoshou/cleardingdan | INFO: Run CheckRoute Behavior [ RunTime:0.000836s ]
[ 2012-09-07T13:15:56+08:00 ] /Index.php?s=/Xiaoshou/cleardingdan | INFO: Tag[ route_check ] --END-- [ RunTime:0.000913s ]
[ 2012-09-07T13:15:56+08:00 ] /Index.php?s=/Xiaoshou/cleardingdan | INFO: Tag[ app_begin ] --START--
[ 2012-09-07T13:15:56+08:00 ] /Index.php?s=/Xiaoshou/cleardingdan | INFO: Run ReadHtmlCache Behavior [ RunTime:0.000608s ]
[ 2012-09-07T13:15:56+08:00 ] /Index.php?s=/Xiaoshou/cleardingdan | INFO: Tag[ app_begin ] --END-- [ RunTime:0.000655s ]
[ 2012-09-07T13:15:56+08:00 ] /Index.php?s=/Xiaoshou/cleardingdan | SQL: SHOW COLUMNS FROM `myerpview_system_user` [ RunTime:0.003022s ]
[ 2012-09-07T13:15:56+08:00 ] /Index.php?s=/Xiaoshou/cleardingdan | SQL: SELECT * FROM `myerpview_system_user` WHERE `systemID`='40449' AND `title`='aaa' LIMIT 1   [ RunTime:0.000400s ]
[ 2012-09-07T13:15:56+08:00 ] /Index.php?s=/Xiaoshou/cleardingdan | SQL: SHOW COLUMNS FROM `myerpview_system_user` [ RunTime:0.002988s ]
[ 2012-09-07T13:15:56+08:00 ] /Index.php?s=/Xiaoshou/cleardingdan | SQL: SELECT * FROM `myerpview_system_user` WHERE `systemID`='40449' AND `title`='aaa' LIMIT 1   [ RunTime:0.000355s ]
[ 2012-09-07T13:15:56+08:00 ] /Index.php?s=/Xiaoshou/cleardingdan | SQL: SHOW COLUMNS FROM `myerp_chanpin` [ RunTime:0.002584s ]
[ 2012-09-07T13:15:56+08:00 ] /Index.php?s=/Xiaoshou/cleardingdan | SQL: SELECT * FROM `myerp_chanpin` WHERE `marktype` = 'dingdan' and `status` = '占位' AND (`status_system` = '1')  [ RunTime:0.000619s ]
[ 2012-09-07T13:15:56+08:00 ] /Index.php?s=/Xiaoshou/cleardingdan | NOTIC: [2] Invalid argument supplied for foreach() MethodAction.class.php 第 1430 行.
[ 2012-09-07T13:16:06+08:00 ] /Index.php?s=/Xiaoshou/cleardingdan | INFO: Tag[ route_check ] --START--
[ 2012-09-07T13:16:06+08:00 ] /Index.php?s=/Xiaoshou/cleardingdan | INFO: Run CheckRoute Behavior [ RunTime:0.000738s ]
[ 2012-09-07T13:16:06+08:00 ] /Index.php?s=/Xiaoshou/cleardingdan | INFO: Tag[ route_check ] --END-- [ RunTime:0.000828s ]
[ 2012-09-07T13:16:06+08:00 ] /Index.php?s=/Xiaoshou/cleardingdan | INFO: Tag[ app_begin ] --START--
[ 2012-09-07T13:16:06+08:00 ] /Index.php?s=/Xiaoshou/cleardingdan | INFO: Run ReadHtmlCache Behavior [ RunTime:0.000554s ]
[ 2012-09-07T13:16:06+08:00 ] /Index.php?s=/Xiaoshou/cleardingdan | INFO: Tag[ app_begin ] --END-- [ RunTime:0.000625s ]
[ 2012-09-07T13:16:06+08:00 ] /Index.php?s=/Xiaoshou/cleardingdan | SQL: SHOW COLUMNS FROM `myerpview_system_user` [ RunTime:0.003275s ]
[ 2012-09-07T13:16:06+08:00 ] /Index.php?s=/Xiaoshou/cleardingdan | SQL: SELECT * FROM `myerpview_system_user` WHERE `systemID`='40449' AND `title`='aaa' LIMIT 1   [ RunTime:0.000362s ]
[ 2012-09-07T13:16:06+08:00 ] /Index.php?s=/Xiaoshou/cleardingdan | SQL: SHOW COLUMNS FROM `myerpview_system_user` [ RunTime:0.002857s ]
[ 2012-09-07T13:16:06+08:00 ] /Index.php?s=/Xiaoshou/cleardingdan | SQL: SELECT * FROM `myerpview_system_user` WHERE `systemID`='40449' AND `title`='aaa' LIMIT 1   [ RunTime:0.000410s ]
[ 2012-09-07T13:16:06+08:00 ] /Index.php?s=/Xiaoshou/cleardingdan | SQL: SHOW COLUMNS FROM `myerp_chanpin` [ RunTime:0.003126s ]
[ 2012-09-07T13:16:06+08:00 ] /Index.php?s=/Xiaoshou/cleardingdan | SQL: SELECT * FROM `myerp_chanpin` WHERE `marktype` = 'dingdan' and `status` = '占位' AND (`status_system` = '1')  [ RunTime:0.000655s ]
[ 2012-09-07T13:16:06+08:00 ] /Index.php?s=/Xiaoshou/cleardingdan | NOTIC: [2] Invalid argument supplied for foreach() MethodAction.class.php 第 1430 行.
[ 2012-09-07T13:16:10+08:00 ] /Index.php?s=/Xiaoshou/cleardingdan | INFO: Tag[ route_check ] --START--
[ 2012-09-07T13:16:10+08:00 ] /Index.php?s=/Xiaoshou/cleardingdan | INFO: Run CheckRoute Behavior [ RunTime:0.000931s ]
[ 2012-09-07T13:16:10+08:00 ] /Index.php?s=/Xiaoshou/cleardingdan | INFO: Tag[ route_check ] --END-- [ RunTime:0.001036s ]
[ 2012-09-07T13:16:10+08:00 ] /Index.php?s=/Xiaoshou/cleardingdan | INFO: Tag[ app_begin ] --START--
[ 2012-09-07T13:16:10+08:00 ] /Index.php?s=/Xiaoshou/cleardingdan | INFO: Run ReadHtmlCache Behavior [ RunTime:0.000601s ]
[ 2012-09-07T13:16:10+08:00 ] /Index.php?s=/Xiaoshou/cleardingdan | INFO: Tag[ app_begin ] --END-- [ RunTime:0.000669s ]
[ 2012-09-07T13:16:10+08:00 ] /Index.php?s=/Xiaoshou/cleardingdan | SQL: SHOW COLUMNS FROM `myerpview_system_user` [ RunTime:0.003407s ]
[ 2012-09-07T13:16:10+08:00 ] /Index.php?s=/Xiaoshou/cleardingdan | SQL: SELECT * FROM `myerpview_system_user` WHERE `systemID`='40449' AND `title`='aaa' LIMIT 1   [ RunTime:0.000520s ]
[ 2012-09-07T13:16:10+08:00 ] /Index.php?s=/Xiaoshou/cleardingdan | SQL: SHOW COLUMNS FROM `myerpview_system_user` [ RunTime:0.003017s ]
[ 2012-09-07T13:16:10+08:00 ] /Index.php?s=/Xiaoshou/cleardingdan | SQL: SELECT * FROM `myerpview_system_user` WHERE `systemID`='40449' AND `title`='aaa' LIMIT 1   [ RunTime:0.000347s ]
[ 2012-09-07T13:16:10+08:00 ] /Index.php?s=/Xiaoshou/cleardingdan | SQL: SHOW COLUMNS FROM `myerp_chanpin` [ RunTime:0.002671s ]
[ 2012-09-07T13:16:10+08:00 ] /Index.php?s=/Xiaoshou/cleardingdan | SQL: SELECT * FROM `myerp_chanpin` WHERE `marktype` = 'dingdan' and `status` = '占位' AND (`status_system` = '1')  [ RunTime:0.000659s ]
[ 2012-09-07T13:16:10+08:00 ] /Index.php?s=/Xiaoshou/cleardingdan | NOTIC: [2] Invalid argument supplied for foreach() MethodAction.class.php 第 1430 行.
[ 2012-09-07T13:16:24+08:00 ] /Index.php?s=/Xiaoshou/cleardingdan | INFO: Tag[ route_check ] --START--
[ 2012-09-07T13:16:24+08:00 ] /Index.php?s=/Xiaoshou/cleardingdan | INFO: Run CheckRoute Behavior [ RunTime:0.000580s ]
[ 2012-09-07T13:16:24+08:00 ] /Index.php?s=/Xiaoshou/cleardingdan | INFO: Tag[ route_check ] --END-- [ RunTime:0.000646s ]
[ 2012-09-07T13:16:24+08:00 ] /Index.php?s=/Xiaoshou/cleardingdan | INFO: Tag[ app_begin ] --START--
[ 2012-09-07T13:16:24+08:00 ] /Index.php?s=/Xiaoshou/cleardingdan | INFO: Run ReadHtmlCache Behavior [ RunTime:0.000364s ]
[ 2012-09-07T13:16:24+08:00 ] /Index.php?s=/Xiaoshou/cleardingdan | INFO: Tag[ app_begin ] --END-- [ RunTime:0.000408s ]
[ 2012-09-07T13:16:24+08:00 ] /Index.php?s=/Xiaoshou/cleardingdan | SQL: SHOW COLUMNS FROM `myerpview_system_user` [ RunTime:0.003268s ]
[ 2012-09-07T13:16:24+08:00 ] /Index.php?s=/Xiaoshou/cleardingdan | SQL: SELECT * FROM `myerpview_system_user` WHERE `systemID`='40449' AND `title`='aaa' LIMIT 1   [ RunTime:0.000363s ]
[ 2012-09-07T13:16:24+08:00 ] /Index.php?s=/Xiaoshou/cleardingdan | SQL: SHOW COLUMNS FROM `myerpview_system_user` [ RunTime:0.003078s ]
[ 2012-09-07T13:16:24+08:00 ] /Index.php?s=/Xiaoshou/cleardingdan | SQL: SELECT * FROM `myerpview_system_user` WHERE `systemID`='40449' AND `title`='aaa' LIMIT 1   [ RunTime:0.000318s ]
[ 2012-09-07T13:16:24+08:00 ] /Index.php?s=/Xiaoshou/cleardingdan | SQL: SHOW COLUMNS FROM `myerp_chanpin` [ RunTime:0.002680s ]
[ 2012-09-07T13:16:24+08:00 ] /Index.php?s=/Xiaoshou/cleardingdan | SQL: SELECT * FROM `myerp_chanpin` WHERE `marktype` = 'dingdan' and `status` = '占位' AND (`status_system` = '1')  [ RunTime:0.000603s ]
[ 2012-09-07T13:16:24+08:00 ] /Index.php?s=/Xiaoshou/cleardingdan | NOTIC: [2] Invalid argument supplied for foreach() MethodAction.class.php 第 1430 行.
[ 2012-09-07T13:16:26+08:00 ] /Index.php?s=/Xiaoshou/cleardingdan | INFO: Tag[ route_check ] --START--
[ 2012-09-07T13:16:26+08:00 ] /Index.php?s=/Xiaoshou/cleardingdan | INFO: Run CheckRoute Behavior [ RunTime:0.000655s ]
[ 2012-09-07T13:16:26+08:00 ] /Index.php?s=/Xiaoshou/cleardingdan | INFO: Tag[ route_check ] --END-- [ RunTime:0.000728s ]
[ 2012-09-07T13:16:26+08:00 ] /Index.php?s=/Xiaoshou/cleardingdan | INFO: Tag[ app_begin ] --START--
[ 2012-09-07T13:16:26+08:00 ] /Index.php?s=/Xiaoshou/cleardingdan | INFO: Run ReadHtmlCache Behavior [ RunTime:0.000402s ]
[ 2012-09-07T13:16:26+08:00 ] /Index.php?s=/Xiaoshou/cleardingdan | INFO: Tag[ app_begin ] --END-- [ RunTime:0.000454s ]
[ 2012-09-07T13:16:26+08:00 ] /Index.php?s=/Xiaoshou/cleardingdan | SQL: SHOW COLUMNS FROM `myerpview_system_user` [ RunTime:0.004557s ]
[ 2012-09-07T13:16:26+08:00 ] /Index.php?s=/Xiaoshou/cleardingdan | SQL: SELECT * FROM `myerpview_system_user` WHERE `systemID`='40449' AND `title`='aaa' LIMIT 1   [ RunTime:0.000398s ]
[ 2012-09-07T13:16:26+08:00 ] /Index.php?s=/Xiaoshou/cleardingdan | SQL: SHOW COLUMNS FROM `myerpview_system_user` [ RunTime:0.003367s ]
[ 2012-09-07T13:16:26+08:00 ] /Index.php?s=/Xiaoshou/cleardingdan | SQL: SELECT * FROM `myerpview_system_user` WHERE `systemID`='40449' AND `title`='aaa' LIMIT 1   [ RunTime:0.000359s ]
[ 2012-09-07T13:16:26+08:00 ] /Index.php?s=/Xiaoshou/cleardingdan | SQL: SHOW COLUMNS FROM `myerp_chanpin` [ RunTime:0.002853s ]
[ 2012-09-07T13:16:26+08:00 ] /Index.php?s=/Xiaoshou/cleardingdan | SQL: SELECT * FROM `myerp_chanpin` WHERE `marktype` = 'dingdan' and `status` = '占位' AND (`status_system` = '1')  [ RunTime:0.000594s ]
[ 2012-09-07T13:16:26+08:00 ] /Index.php?s=/Xiaoshou/cleardingdan | NOTIC: [2] Invalid argument supplied for foreach() MethodAction.class.php 第 1430 行.
[ 2012-09-07T13:16:44+08:00 ] /Index.php?s=/Xiaoshou/cleardingdan | INFO: Tag[ route_check ] --START--
[ 2012-09-07T13:16:44+08:00 ] /Index.php?s=/Xiaoshou/cleardingdan | INFO: Run CheckRoute Behavior [ RunTime:0.000600s ]
[ 2012-09-07T13:16:44+08:00 ] /Index.php?s=/Xiaoshou/cleardingdan | INFO: Tag[ route_check ] --END-- [ RunTime:0.000671s ]
[ 2012-09-07T13:16:44+08:00 ] /Index.php?s=/Xiaoshou/cleardingdan | INFO: Tag[ app_begin ] --START--
[ 2012-09-07T13:16:44+08:00 ] /Index.php?s=/Xiaoshou/cleardingdan | INFO: Run ReadHtmlCache Behavior [ RunTime:0.000365s ]
[ 2012-09-07T13:16:44+08:00 ] /Index.php?s=/Xiaoshou/cleardingdan | INFO: Tag[ app_begin ] --END-- [ RunTime:0.000409s ]
[ 2012-09-07T13:16:44+08:00 ] /Index.php?s=/Xiaoshou/cleardingdan | SQL: SHOW COLUMNS FROM `myerpview_system_user` [ RunTime:0.003220s ]
[ 2012-09-07T13:16:44+08:00 ] /Index.php?s=/Xiaoshou/cleardingdan | SQL: SELECT * FROM `myerpview_system_user` WHERE `systemID`='40449' AND `title`='aaa' LIMIT 1   [ RunTime:0.000430s ]
[ 2012-09-07T13:16:44+08:00 ] /Index.php?s=/Xiaoshou/cleardingdan | SQL: SHOW COLUMNS FROM `myerpview_system_user` [ RunTime:0.003056s ]
[ 2012-09-07T13:16:44+08:00 ] /Index.php?s=/Xiaoshou/cleardingdan | SQL: SELECT * FROM `myerpview_system_user` WHERE `systemID`='40449' AND `title`='aaa' LIMIT 1   [ RunTime:0.000359s ]
[ 2012-09-07T13:16:44+08:00 ] /Index.php?s=/Xiaoshou/cleardingdan | SQL: SHOW COLUMNS FROM `myerp_chanpin` [ RunTime:0.002615s ]
[ 2012-09-07T13:16:44+08:00 ] /Index.php?s=/Xiaoshou/cleardingdan | SQL: SELECT * FROM `myerp_chanpin` WHERE `marktype` = 'dingdan' and `status` = '占位' AND (`status_system` = '1')  [ RunTime:0.000674s ]
[ 2012-09-07T13:16:44+08:00 ] /Index.php?s=/Xiaoshou/cleardingdan | NOTIC: [2] Invalid argument supplied for foreach() MethodAction.class.php 第 1430 行.
[ 2012-09-07T13:16:46+08:00 ] /Index.php?s=/Xiaoshou/cleardingdan | INFO: Tag[ route_check ] --START--
[ 2012-09-07T13:16:46+08:00 ] /Index.php?s=/Xiaoshou/cleardingdan | INFO: Run CheckRoute Behavior [ RunTime:0.000616s ]
[ 2012-09-07T13:16:46+08:00 ] /Index.php?s=/Xiaoshou/cleardingdan | INFO: Tag[ route_check ] --END-- [ RunTime:0.000679s ]
[ 2012-09-07T13:16:46+08:00 ] /Index.php?s=/Xiaoshou/cleardingdan | INFO: Tag[ app_begin ] --START--
[ 2012-09-07T13:16:46+08:00 ] /Index.php?s=/Xiaoshou/cleardingdan | INFO: Run ReadHtmlCache Behavior [ RunTime:0.000382s ]
[ 2012-09-07T13:16:46+08:00 ] /Index.php?s=/Xiaoshou/cleardingdan | INFO: Tag[ app_begin ] --END-- [ RunTime:0.000443s ]
[ 2012-09-07T13:16:46+08:00 ] /Index.php?s=/Xiaoshou/cleardingdan | SQL: SHOW COLUMNS FROM `myerpview_system_user` [ RunTime:0.003197s ]
[ 2012-09-07T13:16:46+08:00 ] /Index.php?s=/Xiaoshou/cleardingdan | SQL: SELECT * FROM `myerpview_system_user` WHERE `systemID`='40449' AND `title`='aaa' LIMIT 1   [ RunTime:0.000366s ]
[ 2012-09-07T13:16:46+08:00 ] /Index.php?s=/Xiaoshou/cleardingdan | SQL: SHOW COLUMNS FROM `myerpview_system_user` [ RunTime:0.003195s ]
[ 2012-09-07T13:16:46+08:00 ] /Index.php?s=/Xiaoshou/cleardingdan | SQL: SELECT * FROM `myerpview_system_user` WHERE `systemID`='40449' AND `title`='aaa' LIMIT 1   [ RunTime:0.000374s ]
[ 2012-09-07T13:16:46+08:00 ] /Index.php?s=/Xiaoshou/cleardingdan | SQL: SHOW COLUMNS FROM `myerp_chanpin` [ RunTime:0.002702s ]
[ 2012-09-07T13:16:46+08:00 ] /Index.php?s=/Xiaoshou/cleardingdan | SQL: SELECT * FROM `myerp_chanpin` WHERE `marktype` = 'dingdan' and `status` = '占位' AND (`status_system` = '1')  [ RunTime:0.000594s ]
[ 2012-09-07T13:16:46+08:00 ] /Index.php?s=/Xiaoshou/cleardingdan | NOTIC: [2] Invalid argument supplied for foreach() MethodAction.class.php 第 1430 行.
[ 2012-09-07T13:16:56+08:00 ] /Index.php?s=/Xiaoshou/cleardingdan | INFO: Tag[ route_check ] --START--
[ 2012-09-07T13:16:56+08:00 ] /Index.php?s=/Xiaoshou/cleardingdan | INFO: Run CheckRoute Behavior [ RunTime:0.000671s ]
[ 2012-09-07T13:16:56+08:00 ] /Index.php?s=/Xiaoshou/cleardingdan | INFO: Tag[ route_check ] --END-- [ RunTime:0.000749s ]
[ 2012-09-07T13:16:56+08:00 ] /Index.php?s=/Xiaoshou/cleardingdan | INFO: Tag[ app_begin ] --START--
[ 2012-09-07T13:16:56+08:00 ] /Index.php?s=/Xiaoshou/cleardingdan | INFO: Run ReadHtmlCache Behavior [ RunTime:0.000387s ]
[ 2012-09-07T13:16:56+08:00 ] /Index.php?s=/Xiaoshou/cleardingdan | INFO: Tag[ app_begin ] --END-- [ RunTime:0.000432s ]
[ 2012-09-07T13:16:56+08:00 ] /Index.php?s=/Xiaoshou/cleardingdan | SQL: SHOW COLUMNS FROM `myerpview_system_user` [ RunTime:0.003272s ]
[ 2012-09-07T13:16:56+08:00 ] /Index.php?s=/Xiaoshou/cleardingdan | SQL: SELECT * FROM `myerpview_system_user` WHERE `systemID`='40449' AND `title`='aaa' LIMIT 1   [ RunTime:0.000429s ]
[ 2012-09-07T13:16:56+08:00 ] /Index.php?s=/Xiaoshou/cleardingdan | SQL: SHOW COLUMNS FROM `myerpview_system_user` [ RunTime:0.003178s ]
[ 2012-09-07T13:16:56+08:00 ] /Index.php?s=/Xiaoshou/cleardingdan | SQL: SELECT * FROM `myerpview_system_user` WHERE `systemID`='40449' AND `title`='aaa' LIMIT 1   [ RunTime:0.000384s ]
[ 2012-09-07T13:16:56+08:00 ] /Index.php?s=/Xiaoshou/cleardingdan | SQL: SHOW COLUMNS FROM `myerp_chanpin` [ RunTime:0.002779s ]
[ 2012-09-07T13:16:56+08:00 ] /Index.php?s=/Xiaoshou/cleardingdan | SQL: SELECT * FROM `myerp_chanpin` WHERE `marktype` = 'dingdan' and `status` = '占位' AND (`status_system` = '1')  [ RunTime:0.000597s ]
[ 2012-09-07T13:16:56+08:00 ] /Index.php?s=/Xiaoshou/cleardingdan | NOTIC: [2] Invalid argument supplied for foreach() MethodAction.class.php 第 1430 行.
[ 2012-09-07T13:16:59+08:00 ] /Index.php?s=/Xiaoshou/cleardingdan | INFO: Tag[ route_check ] --START--
[ 2012-09-07T13:16:59+08:00 ] /Index.php?s=/Xiaoshou/cleardingdan | INFO: Run CheckRoute Behavior [ RunTime:0.000629s ]
[ 2012-09-07T13:16:59+08:00 ] /Index.php?s=/Xiaoshou/cleardingdan | INFO: Tag[ route_check ] --END-- [ RunTime:0.000709s ]
[ 2012-09-07T13:16:59+08:00 ] /Index.php?s=/Xiaoshou/cleardingdan | INFO: Tag[ app_begin ] --START--
[ 2012-09-07T13:16:59+08:00 ] /Index.php?s=/Xiaoshou/cleardingdan | INFO: Run ReadHtmlCache Behavior [ RunTime:0.000377s ]
[ 2012-09-07T13:16:59+08:00 ] /Index.php?s=/Xiaoshou/cleardingdan | INFO: Tag[ app_begin ] --END-- [ RunTime:0.000425s ]
[ 2012-09-07T13:17:00+08:00 ] /Index.php?s=/Xiaoshou/cleardingdan | SQL: SHOW COLUMNS FROM `myerpview_system_user` [ RunTime:0.003491s ]
[ 2012-09-07T13:17:00+08:00 ] /Index.php?s=/Xiaoshou/cleardingdan | SQL: SELECT * FROM `myerpview_system_user` WHERE `systemID`='40449' AND `title`='aaa' LIMIT 1   [ RunTime:0.000356s ]
[ 2012-09-07T13:17:00+08:00 ] /Index.php?s=/Xiaoshou/cleardingdan | SQL: SHOW COLUMNS FROM `myerpview_system_user` [ RunTime:0.003219s ]
[ 2012-09-07T13:17:00+08:00 ] /Index.php?s=/Xiaoshou/cleardingdan | SQL: SELECT * FROM `myerpview_system_user` WHERE `systemID`='40449' AND `title`='aaa' LIMIT 1   [ RunTime:0.000485s ]
[ 2012-09-07T13:17:00+08:00 ] /Index.php?s=/Xiaoshou/cleardingdan | SQL: SHOW COLUMNS FROM `myerp_chanpin` [ RunTime:0.003317s ]
[ 2012-09-07T13:17:00+08:00 ] /Index.php?s=/Xiaoshou/cleardingdan | SQL: SELECT * FROM `myerp_chanpin` WHERE `marktype` = 'dingdan' and `status` = '占位' AND (`status_system` = '1')  [ RunTime:0.000603s ]
[ 2012-09-07T13:17:00+08:00 ] /Index.php?s=/Xiaoshou/cleardingdan | NOTIC: [2] Invalid argument supplied for foreach() MethodAction.class.php 第 1430 行.
