[ 2012-07-28T10:59:11+08:00 ] /Index.php?s=/Chanpin/zituanplan/marktype/%E6%8E%A5%E5%BE%85%E8%AE%A1%E5%88%92/chanpinID/31353 | INFO: Tag[ route_check ] --START--
[ 2012-07-28T10:59:11+08:00 ] /Index.php?s=/Chanpin/zituanplan/marktype/%E6%8E%A5%E5%BE%85%E8%AE%A1%E5%88%92/chanpinID/31353 | INFO: Run CheckRoute Behavior [ RunTime:0.000586s ]
[ 2012-07-28T10:59:11+08:00 ] /Index.php?s=/Chanpin/zituanplan/marktype/%E6%8E%A5%E5%BE%85%E8%AE%A1%E5%88%92/chanpinID/31353 | INFO: Tag[ route_check ] --END-- [ RunTime:0.000657s ]
[ 2012-07-28T10:59:11+08:00 ] /Index.php?s=/Chanpin/zituanplan/marktype/%E6%8E%A5%E5%BE%85%E8%AE%A1%E5%88%92/chanpinID/31353 | INFO: Tag[ app_begin ] --START--
[ 2012-07-28T10:59:11+08:00 ] /Index.php?s=/Chanpin/zituanplan/marktype/%E6%8E%A5%E5%BE%85%E8%AE%A1%E5%88%92/chanpinID/31353 | INFO: Run ReadHtmlCache Behavior [ RunTime:0.000357s ]
[ 2012-07-28T10:59:11+08:00 ] /Index.php?s=/Chanpin/zituanplan/marktype/%E6%8E%A5%E5%BE%85%E8%AE%A1%E5%88%92/chanpinID/31353 | INFO: Tag[ app_begin ] --END-- [ RunTime:0.000401s ]
[ 2012-07-28T10:59:11+08:00 ] /Index.php?s=/Chanpin/zituanplan/marktype/%E6%8E%A5%E5%BE%85%E8%AE%A1%E5%88%92/chanpinID/31353 | SQL: SHOW COLUMNS FROM `myerpview_system_user` [ RunTime:0.003592s ]
[ 2012-07-28T10:59:11+08:00 ] /Index.php?s=/Chanpin/zituanplan/marktype/%E6%8E%A5%E5%BE%85%E8%AE%A1%E5%88%92/chanpinID/31353 | SQL: SELECT * FROM `myerpview_system_user` WHERE `systemID`='40449' AND `title`='aaa' LIMIT 1   [ RunTime:0.000441s ]
[ 2012-07-28T10:59:11+08:00 ] /Index.php?s=/Chanpin/zituanplan/marktype/%E6%8E%A5%E5%BE%85%E8%AE%A1%E5%88%92/chanpinID/31353 | SQL: SHOW COLUMNS FROM `myerpview_system_user` [ RunTime:0.003657s ]
[ 2012-07-28T10:59:11+08:00 ] /Index.php?s=/Chanpin/zituanplan/marktype/%E6%8E%A5%E5%BE%85%E8%AE%A1%E5%88%92/chanpinID/31353 | SQL: SELECT * FROM `myerpview_system_user` WHERE `systemID`='40449' AND `title`='aaa' LIMIT 1   [ RunTime:0.000363s ]
[ 2012-07-28T10:59:11+08:00 ] /Index.php?s=/Chanpin/zituanplan/marktype/%E6%8E%A5%E5%BE%85%E8%AE%A1%E5%88%92/chanpinID/31353 | NOTIC: [2] Missing argument 4 for MethodAction::_checkDataOM(), called in E:\Myerp\Myerp\Lib\Action\ChanpinAction.class.php on line 673 and defined MethodAction.class.php 第 813 行.
[ 2012-07-28T10:59:11+08:00 ] /Index.php?s=/Chanpin/zituanplan/marktype/%E6%8E%A5%E5%BE%85%E8%AE%A1%E5%88%92/chanpinID/31353 | NOTIC: [8] Undefined variable: userID MethodAction.class.php 第 815 行.
[ 2012-07-28T10:59:11+08:00 ] /Index.php?s=/Chanpin/zituanplan/marktype/%E6%8E%A5%E5%BE%85%E8%AE%A1%E5%88%92/chanpinID/31353 | SQL: SHOW COLUMNS FROM `myerp_system_DUR` [ RunTime:0.002791s ]
[ 2012-07-28T10:59:11+08:00 ] /Index.php?s=/Chanpin/zituanplan/marktype/%E6%8E%A5%E5%BE%85%E8%AE%A1%E5%88%92/chanpinID/31353 | SQL: SELECT * FROM `myerp_system_DUR` WHERE `userID` = '40449'  [ RunTime:0.000222s ]
[ 2012-07-28T10:59:11+08:00 ] /Index.php?s=/Chanpin/zituanplan/marktype/%E6%8E%A5%E5%BE%85%E8%AE%A1%E5%88%92/chanpinID/31353 | SQL: SHOW COLUMNS FROM `myerp_dataOM` [ RunTime:0.003081s ]
[ 2012-07-28T10:59:11+08:00 ] /Index.php?s=/Chanpin/zituanplan/marktype/%E6%8E%A5%E5%BE%85%E8%AE%A1%E5%88%92/chanpinID/31353 | SQL: SELECT DISTINCT  `dataID` FROM `myerp_dataOM` WHERE ( `dataID` = 31353 ) AND ( `datatype` = '子团' ) AND ( `type` = '管理' ) AND ( `DUR` = '40150,,' ) LIMIT 1   [ RunTime:0.000552s ]
[ 2012-07-28T10:59:11+08:00 ] /Index.php?s=/Chanpin/zituanplan/marktype/%E6%8E%A5%E5%BE%85%E8%AE%A1%E5%88%92/chanpinID/31353 | SQL: SELECT DISTINCT  `dataID` FROM `myerp_dataOM` WHERE ( `dataID` = 31353 ) AND ( `datatype` = '子团' ) AND ( `type` = '管理' ) AND ( `DUR` = '40150,40185,' ) LIMIT 1   [ RunTime:0.000479s ]
[ 2012-07-28T10:59:11+08:00 ] /Index.php?s=/Chanpin/zituanplan/marktype/%E6%8E%A5%E5%BE%85%E8%AE%A1%E5%88%92/chanpinID/31353 | SQL: SELECT DISTINCT  `dataID` FROM `myerp_dataOM` WHERE ( `dataID` = 31353 ) AND ( `datatype` = '子团' ) AND ( `type` = '管理' ) AND ( `DUR` = ',40185,' ) LIMIT 1   [ RunTime:0.000474s ]
[ 2012-07-28T10:59:11+08:00 ] /Index.php?s=/Chanpin/zituanplan/marktype/%E6%8E%A5%E5%BE%85%E8%AE%A1%E5%88%92/chanpinID/31353 | SQL: SELECT DISTINCT  `dataID` FROM `myerp_dataOM` WHERE ( `dataID` = 31353 ) AND ( `datatype` = '子团' ) AND ( `type` = '管理' ) AND ( `DUR` = ',,40449' ) LIMIT 1   [ RunTime:0.000646s ]
[ 2012-07-28T10:59:11+08:00 ] /Index.php?s=/Chanpin/zituanplan/marktype/%E6%8E%A5%E5%BE%85%E8%AE%A1%E5%88%92/chanpinID/31353 | SQL: SHOW COLUMNS FROM `myerpview_system_roles` [ RunTime:0.005930s ]
[ 2012-07-28T10:59:11+08:00 ] /Index.php?s=/Chanpin/zituanplan/marktype/%E6%8E%A5%E5%BE%85%E8%AE%A1%E5%88%92/chanpinID/31353 | SQL: SELECT * FROM `myerpview_system_roles` WHERE `systemID` = '40185' LIMIT 1   [ RunTime:0.000646s ]
[ 2012-07-28T10:59:11+08:00 ] /Index.php?s=/Chanpin/zituanplan/marktype/%E6%8E%A5%E5%BE%85%E8%AE%A1%E5%88%92/chanpinID/31353 | SQL: SHOW COLUMNS FROM `myerpview_system_department` [ RunTime:0.005819s ]
[ 2012-07-28T10:59:11+08:00 ] /Index.php?s=/Chanpin/zituanplan/marktype/%E6%8E%A5%E5%BE%85%E8%AE%A1%E5%88%92/chanpinID/31353 | SQL: SELECT * FROM `myerpview_system_department` WHERE `systemID` = '40150' LIMIT 1   [ RunTime:0.000630s ]
[ 2012-07-28T10:59:11+08:00 ] /Index.php?s=/Chanpin/zituanplan/marktype/%E6%8E%A5%E5%BE%85%E8%AE%A1%E5%88%92/chanpinID/31353 | SQL: SHOW COLUMNS FROM `myerpview_system_user` [ RunTime:0.005975s ]
[ 2012-07-28T10:59:11+08:00 ] /Index.php?s=/Chanpin/zituanplan/marktype/%E6%8E%A5%E5%BE%85%E8%AE%A1%E5%88%92/chanpinID/31353 | SQL: SELECT * FROM `myerpview_system_user` WHERE `systemID`='40449' AND `title`='aaa' LIMIT 1   [ RunTime:0.000607s ]
[ 2012-07-28T10:59:11+08:00 ] /Index.php?s=/Chanpin/zituanplan/marktype/%E6%8E%A5%E5%BE%85%E8%AE%A1%E5%88%92/chanpinID/31353 | SQL: SHOW COLUMNS FROM `myerpview_system_directory` [ RunTime:0.006567s ]
[ 2012-07-28T10:59:11+08:00 ] /Index.php?s=/Chanpin/zituanplan/marktype/%E6%8E%A5%E5%BE%85%E8%AE%A1%E5%88%92/chanpinID/31353 | SQL: SELECT * FROM `myerpview_system_directory` WHERE `title` = '子团产品' LIMIT 1   [ RunTime:0.000713s ]
[ 2012-07-28T10:59:11+08:00 ] /Index.php?s=/Chanpin/zituanplan/marktype/%E6%8E%A5%E5%BE%85%E8%AE%A1%E5%88%92/chanpinID/31353 | SQL: SELECT * FROM `myerpview_system_directory` WHERE `systemID` = '40990' LIMIT 1   [ RunTime:0.000618s ]
[ 2012-07-28T10:59:11+08:00 ] /Index.php?s=/Chanpin/zituanplan/marktype/%E6%8E%A5%E5%BE%85%E8%AE%A1%E5%88%92/chanpinID/31353 | SQL: SELECT * FROM `myerpview_system_directory` WHERE `systemID` = '40973' LIMIT 1   [ RunTime:0.000606s ]
[ 2012-07-28T10:59:11+08:00 ] /Index.php?s=/Chanpin/zituanplan/marktype/%E6%8E%A5%E5%BE%85%E8%AE%A1%E5%88%92/chanpinID/31353 | SQL: SHOW COLUMNS FROM `myerpview_chanpin_zituan` [ RunTime:0.005434s ]
[ 2012-07-28T10:59:11+08:00 ] /Index.php?s=/Chanpin/zituanplan/marktype/%E6%8E%A5%E5%BE%85%E8%AE%A1%E5%88%92/chanpinID/31353 | SQL: SELECT * FROM `myerpview_chanpin_zituan` WHERE `chanpinID` = '31353' LIMIT 1   [ RunTime:0.000426s ]
[ 2012-07-28T10:59:11+08:00 ] /Index.php?s=/Chanpin/zituanplan/marktype/%E6%8E%A5%E5%BE%85%E8%AE%A1%E5%88%92/chanpinID/31353 | SQL: SHOW COLUMNS FROM `myerp_chanpin` [ RunTime:0.003137s ]
[ 2012-07-28T10:59:11+08:00 ] /Index.php?s=/Chanpin/zituanplan/marktype/%E6%8E%A5%E5%BE%85%E8%AE%A1%E5%88%92/chanpinID/31353 | SQL: SHOW COLUMNS FROM `myerp_chanpin` [ RunTime:0.002910s ]
[ 2012-07-28T10:59:11+08:00 ] /Index.php?s=/Chanpin/zituanplan/marktype/%E6%8E%A5%E5%BE%85%E8%AE%A1%E5%88%92/chanpinID/31353 | SQL: SHOW COLUMNS FROM `myerpview_chanpin_xianlu` [ RunTime:0.005513s ]
[ 2012-07-28T10:59:11+08:00 ] /Index.php?s=/Chanpin/zituanplan/marktype/%E6%8E%A5%E5%BE%85%E8%AE%A1%E5%88%92/chanpinID/31353 | SQL: SELECT * FROM `myerpview_chanpin_xianlu` WHERE 1=1 AND chanpinID='31334' LIMIT 1   [ RunTime:0.000415s ]
[ 2012-07-28T10:59:11+08:00 ] /Index.php?s=/Chanpin/zituanplan/marktype/%E6%8E%A5%E5%BE%85%E8%AE%A1%E5%88%92/chanpinID/31353 | INFO: Tag[ view_template ] --START--
[ 2012-07-28T10:59:11+08:00 ] /Index.php?s=/Chanpin/zituanplan/marktype/%E6%8E%A5%E5%BE%85%E8%AE%A1%E5%88%92/chanpinID/31353 | INFO: Run LocationTemplate Behavior [ RunTime:0.000605s ]
[ 2012-07-28T10:59:11+08:00 ] /Index.php?s=/Chanpin/zituanplan/marktype/%E6%8E%A5%E5%BE%85%E8%AE%A1%E5%88%92/chanpinID/31353 | INFO: Tag[ view_template ] --END-- [ RunTime:0.000655s ]
[ 2012-07-28T10:59:11+08:00 ] /Index.php?s=/Chanpin/zituanplan/marktype/%E6%8E%A5%E5%BE%85%E8%AE%A1%E5%88%92/chanpinID/31353 | INFO: Tag[ view_parse ] --START--
[ 2012-07-28T10:59:11+08:00 ] /Index.php?s=/Chanpin/zituanplan/marktype/%E6%8E%A5%E5%BE%85%E8%AE%A1%E5%88%92/chanpinID/31353 | NOTIC: [8] Undefined index:  includeca_gp TagLib.class.php 第 122 行.
[ 2012-07-28T10:59:11+08:00 ] /Index.php?s=/Chanpin/zituanplan/marktype/%E6%8E%A5%E5%BE%85%E8%AE%A1%E5%88%92/chanpinID/31353 | NOTIC: [8] Undefined index:  includeca_gp TagLib.class.php 第 122 行.
[ 2012-07-28T10:59:11+08:00 ] /Index.php?s=/Chanpin/zituanplan/marktype/%E6%8E%A5%E5%BE%85%E8%AE%A1%E5%88%92/chanpinID/31353 | NOTIC: [8] Undefined index:  includeca_gp TagLib.class.php 第 122 行.
[ 2012-07-28T10:59:11+08:00 ] /Index.php?s=/Chanpin/zituanplan/marktype/%E6%8E%A5%E5%BE%85%E8%AE%A1%E5%88%92/chanpinID/31353 | SQL: SHOW COLUMNS FROM `myerpview_system_user` [ RunTime:0.006169s ]
[ 2012-07-28T10:59:11+08:00 ] /Index.php?s=/Chanpin/zituanplan/marktype/%E6%8E%A5%E5%BE%85%E8%AE%A1%E5%88%92/chanpinID/31353 | SQL: SELECT * FROM `myerpview_system_user` WHERE `systemID`='40449' AND `title`='aaa' LIMIT 1   [ RunTime:0.000606s ]
[ 2012-07-28T10:59:11+08:00 ] /Index.php?s=/Chanpin/zituanplan/marktype/%E6%8E%A5%E5%BE%85%E8%AE%A1%E5%88%92/chanpinID/31353 | INFO: Tag[ view_template ] --START--
[ 2012-07-28T10:59:11+08:00 ] /Index.php?s=/Chanpin/zituanplan/marktype/%E6%8E%A5%E5%BE%85%E8%AE%A1%E5%88%92/chanpinID/31353 | INFO: Run LocationTemplate Behavior [ RunTime:0.000756s ]
[ 2012-07-28T10:59:11+08:00 ] /Index.php?s=/Chanpin/zituanplan/marktype/%E6%8E%A5%E5%BE%85%E8%AE%A1%E5%88%92/chanpinID/31353 | INFO: Tag[ view_template ] --END-- [ RunTime:-0.061292s ]
[ 2012-07-28T10:59:11+08:00 ] /Index.php?s=/Chanpin/zituanplan/marktype/%E6%8E%A5%E5%BE%85%E8%AE%A1%E5%88%92/chanpinID/31353 | INFO: Tag[ view_parse ] --START--
[ 2012-07-28T10:59:11+08:00 ] /Index.php?s=/Chanpin/zituanplan/marktype/%E6%8E%A5%E5%BE%85%E8%AE%A1%E5%88%92/chanpinID/31353 | INFO: Run ParseTemplate Behavior [ RunTime:0.022373s ]
[ 2012-07-28T10:59:11+08:00 ] /Index.php?s=/Chanpin/zituanplan/marktype/%E6%8E%A5%E5%BE%85%E8%AE%A1%E5%88%92/chanpinID/31353 | INFO: Tag[ view_parse ] --END-- [ RunTime:0.022502s ]
[ 2012-07-28T10:59:11+08:00 ] /Index.php?s=/Chanpin/zituanplan/marktype/%E6%8E%A5%E5%BE%85%E8%AE%A1%E5%88%92/chanpinID/31353 | INFO: Tag[ view_filter ] --START--
[ 2012-07-28T10:59:11+08:00 ] /Index.php?s=/Chanpin/zituanplan/marktype/%E6%8E%A5%E5%BE%85%E8%AE%A1%E5%88%92/chanpinID/31353 | INFO: Run ContentReplace Behavior [ RunTime:0.000610s ]
[ 2012-07-28T10:59:11+08:00 ] /Index.php?s=/Chanpin/zituanplan/marktype/%E6%8E%A5%E5%BE%85%E8%AE%A1%E5%88%92/chanpinID/31353 | INFO: Run TokenBuild Behavior [ RunTime:0.000872s ]
[ 2012-07-28T10:59:11+08:00 ] /Index.php?s=/Chanpin/zituanplan/marktype/%E6%8E%A5%E5%BE%85%E8%AE%A1%E5%88%92/chanpinID/31353 | INFO: Run WriteHtmlCache Behavior [ RunTime:0.000383s ]
[ 2012-07-28T10:59:11+08:00 ] /Index.php?s=/Chanpin/zituanplan/marktype/%E6%8E%A5%E5%BE%85%E8%AE%A1%E5%88%92/chanpinID/31353 | INFO: Run ShowRuntime Behavior [ RunTime:0.000711s ]
[ 2012-07-28T10:59:11+08:00 ] /Index.php?s=/Chanpin/zituanplan/marktype/%E6%8E%A5%E5%BE%85%E8%AE%A1%E5%88%92/chanpinID/31353 | INFO: Tag[ view_filter ] --END-- [ RunTime:0.002879s ]
[ 2012-07-28T10:59:11+08:00 ] /Index.php?s=/Chanpin/zituanplan/marktype/%E6%8E%A5%E5%BE%85%E8%AE%A1%E5%88%92/chanpinID/31353 | INFO: Tag[ view_end ] --START--
[ 2012-07-28T10:59:11+08:00 ] /Index.php?s=/Chanpin/zituanplan/marktype/%E6%8E%A5%E5%BE%85%E8%AE%A1%E5%88%92/chanpinID/31353 | INFO: Run ShowPageTrace Behavior [ RunTime:0.000680s ]
[ 2012-07-28T10:59:11+08:00 ] /Index.php?s=/Chanpin/zituanplan/marktype/%E6%8E%A5%E5%BE%85%E8%AE%A1%E5%88%92/chanpinID/31353 | INFO: Tag[ view_end ] --END-- [ RunTime:0.000777s ]
[ 2012-07-28T10:59:11+08:00 ] /Index.php?s=/Chanpin/zituanplan/marktype/%E6%8E%A5%E5%BE%85%E8%AE%A1%E5%88%92/chanpinID/31353 | SQL: SHOW COLUMNS FROM `myerpview_system_user` [ RunTime:0.006346s ]
[ 2012-07-28T10:59:11+08:00 ] /Index.php?s=/Chanpin/zituanplan/marktype/%E6%8E%A5%E5%BE%85%E8%AE%A1%E5%88%92/chanpinID/31353 | SQL: SELECT * FROM `myerpview_system_user` WHERE `systemID`='40449' AND `title`='aaa' LIMIT 1   [ RunTime:0.000677s ]
[ 2012-07-28T10:59:11+08:00 ] /Index.php?s=/Chanpin/zituanplan/marktype/%E6%8E%A5%E5%BE%85%E8%AE%A1%E5%88%92/chanpinID/31353 | INFO: Tag[ view_template ] --START--
[ 2012-07-28T10:59:11+08:00 ] /Index.php?s=/Chanpin/zituanplan/marktype/%E6%8E%A5%E5%BE%85%E8%AE%A1%E5%88%92/chanpinID/31353 | INFO: Run LocationTemplate Behavior [ RunTime:0.000763s ]
[ 2012-07-28T10:59:11+08:00 ] /Index.php?s=/Chanpin/zituanplan/marktype/%E6%8E%A5%E5%BE%85%E8%AE%A1%E5%88%92/chanpinID/31353 | INFO: Tag[ view_template ] --END-- [ RunTime:-0.097321s ]
[ 2012-07-28T10:59:11+08:00 ] /Index.php?s=/Chanpin/zituanplan/marktype/%E6%8E%A5%E5%BE%85%E8%AE%A1%E5%88%92/chanpinID/31353 | INFO: Tag[ view_parse ] --START--
[ 2012-07-28T10:59:11+08:00 ] /Index.php?s=/Chanpin/zituanplan/marktype/%E6%8E%A5%E5%BE%85%E8%AE%A1%E5%88%92/chanpinID/31353 | INFO: Run ParseTemplate Behavior [ RunTime:0.020256s ]
[ 2012-07-28T10:59:11+08:00 ] /Index.php?s=/Chanpin/zituanplan/marktype/%E6%8E%A5%E5%BE%85%E8%AE%A1%E5%88%92/chanpinID/31353 | INFO: Tag[ view_parse ] --END-- [ RunTime:-0.013528s ]
[ 2012-07-28T10:59:11+08:00 ] /Index.php?s=/Chanpin/zituanplan/marktype/%E6%8E%A5%E5%BE%85%E8%AE%A1%E5%88%92/chanpinID/31353 | INFO: Tag[ view_filter ] --START--
[ 2012-07-28T10:59:11+08:00 ] /Index.php?s=/Chanpin/zituanplan/marktype/%E6%8E%A5%E5%BE%85%E8%AE%A1%E5%88%92/chanpinID/31353 | INFO: Run ContentReplace Behavior [ RunTime:0.000107s ]
[ 2012-07-28T10:59:11+08:00 ] /Index.php?s=/Chanpin/zituanplan/marktype/%E6%8E%A5%E5%BE%85%E8%AE%A1%E5%88%92/chanpinID/31353 | INFO: Run TokenBuild Behavior [ RunTime:0.000096s ]
[ 2012-07-28T10:59:11+08:00 ] /Index.php?s=/Chanpin/zituanplan/marktype/%E6%8E%A5%E5%BE%85%E8%AE%A1%E5%88%92/chanpinID/31353 | INFO: Run WriteHtmlCache Behavior [ RunTime:0.000023s ]
[ 2012-07-28T10:59:11+08:00 ] /Index.php?s=/Chanpin/zituanplan/marktype/%E6%8E%A5%E5%BE%85%E8%AE%A1%E5%88%92/chanpinID/31353 | INFO: Run ShowRuntime Behavior [ RunTime:0.000116s ]
[ 2012-07-28T10:59:11+08:00 ] /Index.php?s=/Chanpin/zituanplan/marktype/%E6%8E%A5%E5%BE%85%E8%AE%A1%E5%88%92/chanpinID/31353 | INFO: Tag[ view_filter ] --END-- [ RunTime:-0.031016s ]
[ 2012-07-28T10:59:11+08:00 ] /Index.php?s=/Chanpin/zituanplan/marktype/%E6%8E%A5%E5%BE%85%E8%AE%A1%E5%88%92/chanpinID/31353 | INFO: Tag[ view_end ] --START--
[ 2012-07-28T10:59:11+08:00 ] /Index.php?s=/Chanpin/zituanplan/marktype/%E6%8E%A5%E5%BE%85%E8%AE%A1%E5%88%92/chanpinID/31353 | INFO: Run ShowPageTrace Behavior [ RunTime:0.000038s ]
[ 2012-07-28T10:59:11+08:00 ] /Index.php?s=/Chanpin/zituanplan/marktype/%E6%8E%A5%E5%BE%85%E8%AE%A1%E5%88%92/chanpinID/31353 | INFO: Tag[ view_end ] --END-- [ RunTime:-0.030775s ]
[ 2012-07-28T10:59:11+08:00 ] /Index.php?s=/Chanpin/zituanplan/marktype/%E6%8E%A5%E5%BE%85%E8%AE%A1%E5%88%92/chanpinID/31353 | NOTIC: [8] Use of undefined constant chanpinID - assumed 'chanpinID' 3c242559296de46c31eaca7f706e21d9.php 第 69 行.
[ 2012-07-28T10:59:11+08:00 ] /Index.php?s=/Chanpin/zituanplan/marktype/%E6%8E%A5%E5%BE%85%E8%AE%A1%E5%88%92/chanpinID/31353 | SQL: SHOW COLUMNS FROM `myerpview_system_user` [ RunTime:0.006377s ]
[ 2012-07-28T10:59:11+08:00 ] /Index.php?s=/Chanpin/zituanplan/marktype/%E6%8E%A5%E5%BE%85%E8%AE%A1%E5%88%92/chanpinID/31353 | SQL: SELECT * FROM `myerpview_system_user` WHERE `systemID`='40449' AND `title`='aaa' LIMIT 1   [ RunTime:0.000712s ]
[ 2012-07-28T10:59:11+08:00 ] /Index.php?s=/Chanpin/zituanplan/marktype/%E6%8E%A5%E5%BE%85%E8%AE%A1%E5%88%92/chanpinID/31353 | INFO: Tag[ view_template ] --START--
[ 2012-07-28T10:59:11+08:00 ] /Index.php?s=/Chanpin/zituanplan/marktype/%E6%8E%A5%E5%BE%85%E8%AE%A1%E5%88%92/chanpinID/31353 | INFO: Run LocationTemplate Behavior [ RunTime:0.000953s ]
[ 2012-07-28T10:59:11+08:00 ] /Index.php?s=/Chanpin/zituanplan/marktype/%E6%8E%A5%E5%BE%85%E8%AE%A1%E5%88%92/chanpinID/31353 | INFO: Tag[ view_template ] --END-- [ RunTime:-0.129200s ]
[ 2012-07-28T10:59:11+08:00 ] /Index.php?s=/Chanpin/zituanplan/marktype/%E6%8E%A5%E5%BE%85%E8%AE%A1%E5%88%92/chanpinID/31353 | INFO: Tag[ view_parse ] --START--
[ 2012-07-28T10:59:11+08:00 ] /Index.php?s=/Chanpin/zituanplan/marktype/%E6%8E%A5%E5%BE%85%E8%AE%A1%E5%88%92/chanpinID/31353 | INFO: Run ParseTemplate Behavior [ RunTime:0.003404s ]
[ 2012-07-28T10:59:11+08:00 ] /Index.php?s=/Chanpin/zituanplan/marktype/%E6%8E%A5%E5%BE%85%E8%AE%A1%E5%88%92/chanpinID/31353 | INFO: Tag[ view_parse ] --END-- [ RunTime:-0.045608s ]
[ 2012-07-28T10:59:11+08:00 ] /Index.php?s=/Chanpin/zituanplan/marktype/%E6%8E%A5%E5%BE%85%E8%AE%A1%E5%88%92/chanpinID/31353 | INFO: Tag[ view_filter ] --START--
[ 2012-07-28T10:59:11+08:00 ] /Index.php?s=/Chanpin/zituanplan/marktype/%E6%8E%A5%E5%BE%85%E8%AE%A1%E5%88%92/chanpinID/31353 | INFO: Run ContentReplace Behavior [ RunTime:0.000087s ]
[ 2012-07-28T10:59:11+08:00 ] /Index.php?s=/Chanpin/zituanplan/marktype/%E6%8E%A5%E5%BE%85%E8%AE%A1%E5%88%92/chanpinID/31353 | INFO: Run TokenBuild Behavior [ RunTime:0.000084s ]
[ 2012-07-28T10:59:11+08:00 ] /Index.php?s=/Chanpin/zituanplan/marktype/%E6%8E%A5%E5%BE%85%E8%AE%A1%E5%88%92/chanpinID/31353 | INFO: Run WriteHtmlCache Behavior [ RunTime:0.000023s ]
[ 2012-07-28T10:59:11+08:00 ] /Index.php?s=/Chanpin/zituanplan/marktype/%E6%8E%A5%E5%BE%85%E8%AE%A1%E5%88%92/chanpinID/31353 | INFO: Run ShowRuntime Behavior [ RunTime:0.000110s ]
[ 2012-07-28T10:59:11+08:00 ] /Index.php?s=/Chanpin/zituanplan/marktype/%E6%8E%A5%E5%BE%85%E8%AE%A1%E5%88%92/chanpinID/31353 | INFO: Tag[ view_filter ] --END-- [ RunTime:-0.046228s ]
[ 2012-07-28T10:59:11+08:00 ] /Index.php?s=/Chanpin/zituanplan/marktype/%E6%8E%A5%E5%BE%85%E8%AE%A1%E5%88%92/chanpinID/31353 | INFO: Tag[ view_end ] --START--
[ 2012-07-28T10:59:11+08:00 ] /Index.php?s=/Chanpin/zituanplan/marktype/%E6%8E%A5%E5%BE%85%E8%AE%A1%E5%88%92/chanpinID/31353 | INFO: Run ShowPageTrace Behavior [ RunTime:0.000038s ]
[ 2012-07-28T10:59:11+08:00 ] /Index.php?s=/Chanpin/zituanplan/marktype/%E6%8E%A5%E5%BE%85%E8%AE%A1%E5%88%92/chanpinID/31353 | INFO: Tag[ view_end ] --END-- [ RunTime:-0.045950s ]
[ 2012-07-28T10:59:11+08:00 ] /Index.php?s=/Chanpin/zituanplan/marktype/%E6%8E%A5%E5%BE%85%E8%AE%A1%E5%88%92/chanpinID/31353 | INFO: Run ParseTemplate Behavior [ RunTime:0.000150s ]
[ 2012-07-28T10:59:11+08:00 ] /Index.php?s=/Chanpin/zituanplan/marktype/%E6%8E%A5%E5%BE%85%E8%AE%A1%E5%88%92/chanpinID/31353 | INFO: Tag[ view_parse ] --END-- [ RunTime:-0.045608s ]
[ 2012-07-28T10:59:11+08:00 ] /Index.php?s=/Chanpin/zituanplan/marktype/%E6%8E%A5%E5%BE%85%E8%AE%A1%E5%88%92/chanpinID/31353 | INFO: Tag[ view_filter ] --START--
[ 2012-07-28T10:59:11+08:00 ] /Index.php?s=/Chanpin/zituanplan/marktype/%E6%8E%A5%E5%BE%85%E8%AE%A1%E5%88%92/chanpinID/31353 | INFO: Run ContentReplace Behavior [ RunTime:0.000240s ]
[ 2012-07-28T10:59:11+08:00 ] /Index.php?s=/Chanpin/zituanplan/marktype/%E6%8E%A5%E5%BE%85%E8%AE%A1%E5%88%92/chanpinID/31353 | INFO: Run TokenBuild Behavior [ RunTime:0.000241s ]
[ 2012-07-28T10:59:11+08:00 ] /Index.php?s=/Chanpin/zituanplan/marktype/%E6%8E%A5%E5%BE%85%E8%AE%A1%E5%88%92/chanpinID/31353 | INFO: Run WriteHtmlCache Behavior [ RunTime:0.000023s ]
[ 2012-07-28T10:59:11+08:00 ] /Index.php?s=/Chanpin/zituanplan/marktype/%E6%8E%A5%E5%BE%85%E8%AE%A1%E5%88%92/chanpinID/31353 | INFO: Run ShowRuntime Behavior [ RunTime:0.000153s ]
[ 2012-07-28T10:59:11+08:00 ] /Index.php?s=/Chanpin/zituanplan/marktype/%E6%8E%A5%E5%BE%85%E8%AE%A1%E5%88%92/chanpinID/31353 | INFO: Tag[ view_filter ] --END-- [ RunTime:-0.047120s ]
[ 2012-07-28T10:59:11+08:00 ] /Index.php?s=/Chanpin/zituanplan/marktype/%E6%8E%A5%E5%BE%85%E8%AE%A1%E5%88%92/chanpinID/31353 | INFO: Tag[ view_end ] --START--
[ 2012-07-28T10:59:11+08:00 ] /Index.php?s=/Chanpin/zituanplan/marktype/%E6%8E%A5%E5%BE%85%E8%AE%A1%E5%88%92/chanpinID/31353 | INFO: Run ShowPageTrace Behavior [ RunTime:0.000039s ]
[ 2012-07-28T10:59:11+08:00 ] /Index.php?s=/Chanpin/zituanplan/marktype/%E6%8E%A5%E5%BE%85%E8%AE%A1%E5%88%92/chanpinID/31353 | INFO: Tag[ view_end ] --END-- [ RunTime:-0.047214s ]
